<?xml version="1.0" encoding="UTF-8"?>
<testsuite xmlns:xsi="http://www.w3.org/2001/XMLSchema-instance" xsi:noNamespaceSchemaLocation="https://maven.apache.org/surefire/maven-surefire-plugin/xsd/surefire-test-report-3.0.xsd" version="3.0" name="com.example.SpringBootTestApplicationTests" time="6.15" tests="1" errors="0" skipped="0" failures="0">
  <properties>
[...]
</properties>
  <testcase name="contextLoads" classname="com.example.SpringBootTestApplicationTests" time="1.902">
    <system-out><![CDATA[14:50:40.491 [main] INFO org.springframework.test.context.support.AnnotationConfigContextLoaderUtils -- Could not detect default configuration classes for test class [com.example.SpringBootTestApplicationTests]: SpringBootTestApplicationTests does not declare any static, non-private, non-final, nested classes annotated with @Configuration.
14:50:40.697 [main] INFO org.springframework.boot.test.context.SpringBootTestContextBootstrapper -- Found @SpringBootConfiguration com.example.SpringBootTestApplication for test class com.example.SpringBootTestApplicationTests

  .   ____          _            __ _ _
 /\\ / ___'_ __ _ _(_)_ __  __ _ \ \ \ \
( ( )\___ | '_ | '_| | '_ \/ _` | \ \ \ \
 \\/  ___)| |_)| | | | | || (_| |  ) ) ) )
  '  |____| .__|_| |_|_| |_\__, | / / / /
 =========|_|==============|___/=/_/_/_/

 :: Spring Boot ::                (v3.3.1)

2024-07-16T14:50:41.483+08:00  INFO 24532 --- [springBootTest] [           main] c.e.SpringBootTestApplicationTests       : Starting SpringBootTestApplicationTests using Java 19.0.1 with PID 24532 (started by 幻影诸 in D:\idea xiangmu\springBootTest)
2024-07-16T14:50:41.486+08:00  INFO 24532 --- [springBootTest] [           main] c.e.SpringBootTestApplicationTests       : No active profile set, falling back to 1 default profile: "default"
2024-07-16T14:50:44.325+08:00  INFO 24532 --- [springBootTest] [           main] c.e.SpringBootTestApplicationTests       : Started SpringBootTestApplicationTests in 3.294 seconds (process running for 5.339)
]]></system-out>
  </testcase>
</testsuite>